<?xml version="1.0" encoding="UTF-8"?>
<testng-results skipped="0" failed="0" ignored="0" total="1" passed="1">
  <reporter-output>
    <line>
      <![CDATA[Dhoni is a best captain]]>
    </line>
  </reporter-output>
  <suite name="Suite" duration-ms="55" started-at="2020-08-11T02:34:42Z" finished-at="2020-08-11T02:34:42Z">
    <groups>
    </groups>
    <test name="Test" duration-ms="55" started-at="2020-08-11T02:34:42Z" finished-at="2020-08-11T02:34:42Z">
      <class name="com.actitime.timetrack.Demo">
        <test-method status="PASS" signature="run()[pri:0, instance:com.actitime.timetrack.Demo@c038203]" name="run" duration-ms="17" started-at="2020-08-11T08:04:42Z" finished-at="2020-08-11T08:04:42Z">
          <reporter-output>
            <line>
              <![CDATA[Dhoni is a best captain]]>
            </line>
          </reporter-output>
        </test-method> <!-- run -->
      </class> <!-- com.actitime.timetrack.Demo -->
    </test> <!-- Test -->
  </suite> <!-- Suite -->
</testng-results>
