<?xml version="1.0" encoding="UTF-8"?>
<testng-results skipped="0" failed="0" ignored="0" total="2" passed="2">
  <reporter-output>
    <line>
      <![CDATA[Dhoni is a best captain]]>
    </line>
    <line>
      <![CDATA[Dhoni is a best captain]]>
    </line>
    <line>
      <![CDATA[Dhoni is a best captain]]>
    </line>
    <line>
      <![CDATA[Dhoni is a best captain]]>
    </line>
    <line>
      <![CDATA[Dhoni is a best captain]]>
    </line>
    <line>
      <![CDATA[virat kholi is a best player]]>
    </line>
  </reporter-output>
  <suite name="Suite" duration-ms="69" started-at="2020-08-11T09:57:04Z" finished-at="2020-08-11T09:57:04Z">
    <groups>
    </groups>
    <test name="Test" duration-ms="69" started-at="2020-08-11T09:57:04Z" finished-at="2020-08-11T09:57:04Z">
      <class name="com.actitime.timetrack.Demo">
        <test-method status="PASS" signature="run()[pri:0, instance:com.actitime.timetrack.Demo@59a6e353]" name="run" duration-ms="16" started-at="2020-08-11T09:57:04Z" finished-at="2020-08-11T09:57:04Z">
          <reporter-output>
            <line>
              <![CDATA[Dhoni is a best captain]]>
            </line>
            <line>
              <![CDATA[Dhoni is a best captain]]>
            </line>
            <line>
              <![CDATA[Dhoni is a best captain]]>
            </line>
            <line>
              <![CDATA[Dhoni is a best captain]]>
            </line>
            <line>
              <![CDATA[Dhoni is a best captain]]>
            </line>
          </reporter-output>
        </test-method> <!-- run -->
      </class> <!-- com.actitime.timetrack.Demo -->
      <class name="com.actitime.timetrack.Demo2">
        <test-method status="PASS" signature="run()[pri:0, instance:com.actitime.timetrack.Demo2@7a0ac6e3]" name="run" duration-ms="0" started-at="2020-08-11T09:57:04Z" finished-at="2020-08-11T09:57:04Z">
          <reporter-output>
            <line>
              <![CDATA[virat kholi is a best player]]>
            </line>
          </reporter-output>
        </test-method> <!-- run -->
      </class> <!-- com.actitime.timetrack.Demo2 -->
    </test> <!-- Test -->
  </suite> <!-- Suite -->
</testng-results>
